running egg_info
creating ../../build/row_following_py_pkg/row_following_py_pkg.egg-info
writing ../../build/row_following_py_pkg/row_following_py_pkg.egg-info/PKG-INFO
writing dependency_links to ../../build/row_following_py_pkg/row_following_py_pkg.egg-info/dependency_links.txt
writing entry points to ../../build/row_following_py_pkg/row_following_py_pkg.egg-info/entry_points.txt
writing requirements to ../../build/row_following_py_pkg/row_following_py_pkg.egg-info/requires.txt
writing top-level names to ../../build/row_following_py_pkg/row_following_py_pkg.egg-info/top_level.txt
writing manifest file '../../build/row_following_py_pkg/row_following_py_pkg.egg-info/SOURCES.txt'
reading manifest file '../../build/row_following_py_pkg/row_following_py_pkg.egg-info/SOURCES.txt'
writing manifest file '../../build/row_following_py_pkg/row_following_py_pkg.egg-info/SOURCES.txt'
running build
running build_py
creating /home/milos/row-following/ros2_ws/build/row_following_py_pkg/build
creating /home/milos/row-following/ros2_ws/build/row_following_py_pkg/build/lib
creating /home/milos/row-following/ros2_ws/build/row_following_py_pkg/build/lib/row_following_py_pkg
copying row_following_py_pkg/image_subscriber.py -> /home/milos/row-following/ros2_ws/build/row_following_py_pkg/build/lib/row_following_py_pkg
copying row_following_py_pkg/__init__.py -> /home/milos/row-following/ros2_ws/build/row_following_py_pkg/build/lib/row_following_py_pkg
running install
running install_lib
creating /home/milos/row-following/ros2_ws/install/row_following_py_pkg/lib/python3.10/site-packages/row_following_py_pkg
copying /home/milos/row-following/ros2_ws/build/row_following_py_pkg/build/lib/row_following_py_pkg/image_subscriber.py -> /home/milos/row-following/ros2_ws/install/row_following_py_pkg/lib/python3.10/site-packages/row_following_py_pkg
copying /home/milos/row-following/ros2_ws/build/row_following_py_pkg/build/lib/row_following_py_pkg/__init__.py -> /home/milos/row-following/ros2_ws/install/row_following_py_pkg/lib/python3.10/site-packages/row_following_py_pkg
byte-compiling /home/milos/row-following/ros2_ws/install/row_following_py_pkg/lib/python3.10/site-packages/row_following_py_pkg/image_subscriber.py to image_subscriber.cpython-310.pyc
byte-compiling /home/milos/row-following/ros2_ws/install/row_following_py_pkg/lib/python3.10/site-packages/row_following_py_pkg/__init__.py to __init__.cpython-310.pyc
running install_data
creating /home/milos/row-following/ros2_ws/install/row_following_py_pkg/share/ament_index
creating /home/milos/row-following/ros2_ws/install/row_following_py_pkg/share/ament_index/resource_index
creating /home/milos/row-following/ros2_ws/install/row_following_py_pkg/share/ament_index/resource_index/packages
copying resource/row_following_py_pkg -> /home/milos/row-following/ros2_ws/install/row_following_py_pkg/share/ament_index/resource_index/packages
copying package.xml -> /home/milos/row-following/ros2_ws/install/row_following_py_pkg/share/row_following_py_pkg
running install_egg_info
Copying ../../build/row_following_py_pkg/row_following_py_pkg.egg-info to /home/milos/row-following/ros2_ws/install/row_following_py_pkg/lib/python3.10/site-packages/row_following_py_pkg-0.0.0-py3.10.egg-info
running install_scripts
Installing image_subscriber script to /home/milos/row-following/ros2_ws/install/row_following_py_pkg/lib/row_following_py_pkg
writing list of installed files to '/home/milos/row-following/ros2_ws/build/row_following_py_pkg/install.log'
