running egg_info
writing ../../build/row_following_py_pkg/row_following_py_pkg.egg-info/PKG-INFO
writing dependency_links to ../../build/row_following_py_pkg/row_following_py_pkg.egg-info/dependency_links.txt
writing entry points to ../../build/row_following_py_pkg/row_following_py_pkg.egg-info/entry_points.txt
writing requirements to ../../build/row_following_py_pkg/row_following_py_pkg.egg-info/requires.txt
writing top-level names to ../../build/row_following_py_pkg/row_following_py_pkg.egg-info/top_level.txt
reading manifest file '../../build/row_following_py_pkg/row_following_py_pkg.egg-info/SOURCES.txt'
writing manifest file '../../build/row_following_py_pkg/row_following_py_pkg.egg-info/SOURCES.txt'
running build
running build_py
copying row_following_py_pkg/randomize_node.py -> /home/milos/row-following/ros2_ws/build/row_following_py_pkg/build/lib/row_following_py_pkg
running install
running install_lib
copying /home/milos/row-following/ros2_ws/build/row_following_py_pkg/build/lib/row_following_py_pkg/randomize_node.py -> /home/milos/row-following/ros2_ws/install/row_following_py_pkg/lib/python3.10/site-packages/row_following_py_pkg
byte-compiling /home/milos/row-following/ros2_ws/install/row_following_py_pkg/lib/python3.10/site-packages/row_following_py_pkg/randomize_node.py to randomize_node.cpython-310.pyc
running install_data
running install_egg_info
removing '/home/milos/row-following/ros2_ws/install/row_following_py_pkg/lib/python3.10/site-packages/row_following_py_pkg-0.0.0-py3.10.egg-info' (and everything under it)
Copying ../../build/row_following_py_pkg/row_following_py_pkg.egg-info to /home/milos/row-following/ros2_ws/install/row_following_py_pkg/lib/python3.10/site-packages/row_following_py_pkg-0.0.0-py3.10.egg-info
running install_scripts
Installing image_subscriber script to /home/milos/row-following/ros2_ws/install/row_following_py_pkg/lib/row_following_py_pkg
Installing randomize_node script to /home/milos/row-following/ros2_ws/install/row_following_py_pkg/lib/row_following_py_pkg
writing list of installed files to '/home/milos/row-following/ros2_ws/build/row_following_py_pkg/install.log'
